<?xml version="1.0" encoding="UTF-8"?>
<testng-results total="1" passed="1" failed="0" skipped="0">
  <reporter-output>
  </reporter-output>
  <suite started-at="2021-01-21T14:11:12Z" name="Default suite" finished-at="2021-01-21T14:11:13Z" duration-ms="1023">
    <groups>
    </groups>
    <test started-at="2021-01-21T14:11:12Z" name="Default test" finished-at="2021-01-21T14:11:13Z" duration-ms="1023">
      <class name="com.tltest.app.OpenweatherTest_3_1">
        <test-method signature="historicalWeatherAPIReq()[pri:0, instance:com.tltest.app.OpenweatherTest_3_1@7ef27d7f]" started-at="2021-01-21T17:11:12Z" name="historicalWeatherAPIReq" finished-at="2021-01-21T17:11:13Z" duration-ms="1013" status="PASS">
          <reporter-output>
          </reporter-output>
        </test-method> <!-- historicalWeatherAPIReq -->
      </class> <!-- com.tltest.app.OpenweatherTest_3_1 -->
    </test> <!-- Default test -->
  </suite> <!-- Default suite -->
</testng-results>
