<?xml version="1.0" encoding="UTF-8"?>
<testng-results skipped="0" failed="0" total="1" passed="1">
  <reporter-output>
  </reporter-output>
  <suite name="Surefire suite" duration-ms="37" started-at="2021-01-20T11:32:18Z" finished-at="2021-01-20T11:32:18Z">
    <groups>
    </groups>
    <test name="Surefire test" duration-ms="37" started-at="2021-01-20T11:32:18Z" finished-at="2021-01-20T11:32:18Z">
      <class name="com.tltest.app.AppTest">
        <test-method status="PASS" signature="shouldAnswerWithTrue()[pri:0, instance:shouldAnswerWithTrue(com.tltest.app.AppTest)]" name="shouldAnswerWithTrue" duration-ms="2" started-at="2021-01-20T14:32:18Z" finished-at="2021-01-20T14:32:18Z">
          <reporter-output>
          </reporter-output>
        </test-method> <!-- shouldAnswerWithTrue -->
      </class> <!-- com.tltest.app.AppTest -->
    </test> <!-- Surefire test -->
  </suite> <!-- Surefire suite -->
</testng-results>
